<?xml version="1.0" encoding="UTF-8"?>
<coverage generated="1494616394219" clover="3.2.0">
	<project timestamp="1494616394220"  name="All Files" >
		<metrics statements="22"  coveredstatements="18"  conditionals="4"  coveredconditionals="0"  methods="10"  coveredmethods="8"  elements="36"  coveredelements="26"  complexity="0"  packages="3"  files="3"  classes="3"  loc="57"  ncloc="57" />
		<package name="__tests__.app.mocks" >
			<metrics statements="2"  coveredstatements="2"  conditionals="0"  coveredconditionals="0"  methods="1"  coveredmethods="1" />
			<file name="genMockItem.js"  path="/Users/mwhite/Desktop/jest-react/__tests__/app/mocks/genMockItem.js" >
				<metrics statements="2"  coveredstatements="2"  conditionals="0"  coveredconditionals="0"  methods="1"  coveredmethods="1" />
				<line num="1"  count="1"  type="stmt" />
				<line num="2"  count="1"  type="stmt" />
			</file>
		</package>
		<package name="app.components" >
			<metrics statements="12"  coveredstatements="10"  conditionals="0"  coveredconditionals="0"  methods="5"  coveredmethods="4" />
			<file name="CartItem.js"  path="/Users/mwhite/Desktop/jest-react/app/components/CartItem.js" >
				<metrics statements="12"  coveredstatements="10"  conditionals="0"  coveredconditionals="0"  methods="5"  coveredmethods="4" />
				<line num="2"  count="2"  type="stmt" />
				<line num="3"  count="2"  type="stmt" />
				<line num="4"  count="2"  type="stmt" />
				<line num="6"  count="2"  type="stmt" />
				<line num="8"  count="2"  type="stmt" />
				<line num="19"  count="2"  type="stmt" />
				<line num="22"  count="2"  type="stmt" />
				<line num="23"  count="2"  type="stmt" />
				<line num="24"  count="2"  type="stmt" />
				<line num="27"  count="0"  type="stmt" />
				<line num="28"  count="0"  type="stmt" />
				<line num="31"  count="2"  type="stmt" />
			</file>
		</package>
		<package name="app.helpers" >
			<metrics statements="8"  coveredstatements="6"  conditionals="4"  coveredconditionals="0"  methods="4"  coveredmethods="3" />
			<file name="conversionHelper.js"  path="/Users/mwhite/Desktop/jest-react/app/helpers/conversionHelper.js" >
				<metrics statements="8"  coveredstatements="6"  conditionals="4"  coveredconditionals="0"  methods="4"  coveredmethods="3" />
				<line num="1"  count="2"  type="stmt" />
				<line num="7"  count="2"  type="stmt" />
				<line num="13"  count="2"  type="stmt" />
				<line num="14"  count="0"  type="cond"  truecount="0"  falsecount="4" />
				<line num="15"  count="0"  type="stmt" />
				<line num="18"  count="1"  type="stmt" />
				<line num="21"  count="1"  type="stmt" />
				<line num="24"  count="1"  type="stmt" />
			</file>
		</package>
	</project>
</coverage>
