{
"/Users/mwhite/Desktop/jest-react/__tests__/app/mocks/genMockItem.js":{"path":"/Users/mwhite/Desktop/jest-react/__tests__/app/mocks/genMockItem.js","s":{"1":1,"2":1},"b":{},"f":{"1":1},"fnMap":{"1":{"name":"(anonymous_1)","line":1,"loc":{"start":{"line":1,"column":30},"end":{"line":1,"column":42}}}},"statementMap":{"1":{"start":{"line":1,"column":13},"end":{"line":8,"column":2}},"2":{"start":{"line":2,"column":1},"end":{"line":6,"column":19}}},"branchMap":{},"l":{"1":1,"2":1}},
"/Users/mwhite/Desktop/jest-react/app/components/CartItem.js":{"path":"/Users/mwhite/Desktop/jest-react/app/components/CartItem.js","s":{"1":2,"2":2,"3":2,"4":2,"5":2,"6":2,"7":2,"8":2,"9":2,"10":0,"11":0,"12":2},"b":{},"f":{"1":2,"2":2,"3":2,"4":0,"5":2},"fnMap":{"1":{"name":"getDefaultProps","line":7,"loc":{"start":{"line":7,"column":19},"end":{"line":7,"column":46}}},"2":{"name":"getLocalizedCurrencySymbol","line":18,"loc":{"start":{"line":18,"column":30},"end":{"line":18,"column":68}}},"3":{"name":"getLocalizedPriceString","line":21,"loc":{"start":{"line":21,"column":27},"end":{"line":21,"column":62}}},"4":{"name":"removeItem","line":26,"loc":{"start":{"line":26,"column":14},"end":{"line":26,"column":37}}},"5":{"name":"render","line":30,"loc":{"start":{"line":30,"column":10},"end":{"line":30,"column":28}}}},"statementMap":{"1":{"start":{"line":2,"column":0},"end":{"line":2,"column":29}},"2":{"start":{"line":3,"column":0},"end":{"line":3,"column":67}},"3":{"start":{"line":4,"column":0},"end":{"line":4,"column":57}},"4":{"start":{"line":6,"column":0},"end":{"line":44,"column":7}},"5":{"start":{"line":8,"column":4},"end":{"line":14,"column":31}},"6":{"start":{"line":19,"column":4},"end":{"line":19,"column":75}},"7":{"start":{"line":22,"column":4},"end":{"line":22,"column":101}},"8":{"start":{"line":23,"column":4},"end":{"line":23,"column":66}},"9":{"start":{"line":24,"column":4},"end":{"line":24,"column":26}},"10":{"start":{"line":27,"column":4},"end":{"line":27,"column":23}},"11":{"start":{"line":28,"column":4},"end":{"line":28,"column":44}},"12":{"start":{"line":31,"column":4},"end":{"line":40,"column":97}}},"branchMap":{},"l":{"2":2,"3":2,"4":2,"6":2,"8":2,"19":2,"22":2,"23":2,"24":2,"27":0,"28":0,"31":2}},
"/Users/mwhite/Desktop/jest-react/app/helpers/conversionHelper.js":{"path":"/Users/mwhite/Desktop/jest-react/app/helpers/conversionHelper.js","s":{"1":2,"2":2,"3":2,"4":0,"5":0,"6":1,"7":1,"8":1},"b":{"1":[0,0],"2":[0,0]},"f":{"1":0,"2":1,"3":1,"4":1},"fnMap":{"1":{"name":"toLocaleCurrencyString","line":14,"loc":{"start":{"line":14,"column":25},"end":{"line":14,"column":65}}},"2":{"name":"convertFromUSD","line":17,"loc":{"start":{"line":17,"column":17},"end":{"line":17,"column":57}}},"3":{"name":"getSymbolForCountry","line":20,"loc":{"start":{"line":20,"column":22},"end":{"line":20,"column":59}}},"4":{"name":"toCurrencyString","line":23,"loc":{"start":{"line":23,"column":19},"end":{"line":23,"column":53}}}},"statementMap":{"1":{"start":{"line":1,"column":13},"end":{"line":4,"column":13}},"2":{"start":{"line":7,"column":0},"end":{"line":10,"column":14}},"3":{"start":{"line":13,"column":0},"end":{"line":25,"column":5}},"4":{"start":{"line":14,"column":66},"end":{"line":14,"column":153}},"5":{"start":{"line":15,"column":2},"end":{"line":15,"column":103}},"6":{"start":{"line":18,"column":2},"end":{"line":18,"column":32}},"7":{"start":{"line":21,"column":2},"end":{"line":21,"column":25}},"8":{"start":{"line":24,"column":2},"end":{"line":24,"column":27}}},"branchMap":{"1":{"line":14,"type":"cond-expr","locations":[{"start":{"line":14,"column":132},"end":{"line":14,"column":144}},{"start":{"line":14,"column":147},"end":{"line":14,"column":152}}]},"2":{"line":14,"type":"binary-expr","locations":[{"start":{"line":14,"column":79},"end":{"line":14,"column":99}},{"start":{"line":14,"column":103},"end":{"line":14,"column":129}}]}},"l":{"1":2,"7":2,"13":2,"14":0,"15":0,"18":1,"21":1,"24":1}}}
