TN:
SF:/Users/mwhite/Desktop/jest-react/__tests__/app/mocks/genMockItem.js
FN:1,(anonymous_1)
FNF:1
FNH:1
FNDA:1,(anonymous_1)
DA:1,1
DA:2,1
LF:2
LH:2
BRF:0
BRH:0
end_of_record
TN:
SF:/Users/mwhite/Desktop/jest-react/app/components/CartItem.js
FN:7,getDefaultProps
FN:18,getLocalizedCurrencySymbol
FN:21,getLocalizedPriceString
FN:26,removeItem
FN:30,render
FNF:5
FNH:4
FNDA:2,getDefaultProps
FNDA:2,getLocalizedCurrencySymbol
FNDA:2,getLocalizedPriceString
FNDA:0,removeItem
FNDA:2,render
DA:2,2
DA:3,2
DA:4,2
DA:6,2
DA:8,2
DA:19,2
DA:22,2
DA:23,2
DA:24,2
DA:27,0
DA:28,0
DA:31,2
LF:12
LH:10
BRF:0
BRH:0
end_of_record
TN:
SF:/Users/mwhite/Desktop/jest-react/app/helpers/conversionHelper.js
FN:14,toLocaleCurrencyString
FN:17,convertFromUSD
FN:20,getSymbolForCountry
FN:23,toCurrencyString
FNF:4
FNH:3
FNDA:0,toLocaleCurrencyString
FNDA:1,convertFromUSD
FNDA:1,getSymbolForCountry
FNDA:1,toCurrencyString
DA:1,2
DA:7,2
DA:13,2
DA:14,0
DA:15,0
DA:18,1
DA:21,1
DA:24,1
LF:8
LH:6
BRDA:14,1,0,0
BRDA:14,1,1,0
BRDA:14,2,0,0
BRDA:14,2,1,0
BRF:4
BRH:0
end_of_record
